{
  "RSpec": {
    "coverage": {
      "/home/saasbook/Documents/group/LEP/app/helpers/admins_helper.rb": [
        1,
        null
      ],
      "/home/saasbook/Documents/group/LEP/app/helpers/application_helper.rb": [
        1,
        null
      ],
      "/home/saasbook/Documents/group/LEP/app/helpers/groups_helper.rb": [
        1,
        null
      ],
      "/home/saasbook/Documents/group/LEP/app/helpers/welcome_helper.rb": [
        1,
        null
      ],
      "/home/saasbook/Documents/group/LEP/app/controllers/admins_controller.rb": [
        1,
        null,
        1,
        null,
        1,
        3,
        1,
        1,
        0,
        null,
        null,
        2,
        2,
        1,
        null,
        null,
        null,
        null,
        1,
        null,
        null,
        1,
        0,
        0,
        null,
        null,
        null,
        null,
        1,
        1,
        1,
        1,
        null,
        null,
        1,
        null,
        null,
        1,
        null,
        null,
        1,
        null,
        null,
        null
      ],
      "/home/saasbook/Documents/group/LEP/app/controllers/application_controller.rb": [
        1,
        1,
        null
      ],
      "/home/saasbook/Documents/group/LEP/app/controllers/groups_controller.rb": [
        1,
        null,
        1,
        null,
        null,
        1,
        null,
        null,
        null,
        1,
        1,
        1,
        null,
        null,
        1,
        null,
        null,
        1,
        null,
        null,
        null
      ],
      "/home/saasbook/Documents/group/LEP/app/controllers/users_controller.rb": [
        1,
        null,
        1,
        1,
        null,
        1,
        null,
        7,
        1,
        1,
        null,
        null,
        null,
        1,
        9,
        3,
        3,
        3,
        1,
        null,
        null,
        null,
        null,
        1,
        1,
        null,
        null,
        1,
        null,
        null,
        1,
        1,
        1,
        1,
        1,
        null,
        null,
        1,
        1,
        null,
        null,
        1,
        1,
        1,
        null,
        null,
        1,
        1,
        null,
        null,
        1,
        2,
        1,
        1,
        1,
        null,
        1,
        null,
        null,
        null,
        1,
        0,
        null,
        null,
        1,
        0,
        0,
        0,
        null,
        0,
        0,
        null,
        0,
        0,
        0,
        0,
        null,
        null,
        0,
        0,
        0,
        null,
        null,
        null,
        null,
        1,
        null,
        null,
        1,
        1,
        null,
        null,
        null,
        null,
        null,
        null,
        null
      ],
      "/home/saasbook/Documents/group/LEP/app/controllers/welcome_controller.rb": [
        1,
        1,
        1,
        null,
        null
      ],
      "/home/saasbook/Documents/group/LEP/app/models/user.rb": [
        1,
        null,
        null,
        null,
        null,
        null
      ],
      "/home/saasbook/Documents/group/LEP/app/models/group.rb": [
        1,
        1,
        null,
        null
      ]
    },
    "timestamp": 1426555179
  },
  "Cucumber Features": {
    "coverage": {
      "/home/saasbook/Documents/group/LEP/app/models/user.rb": [
        1,
        null,
        null,
        null,
        null,
        null
      ],
      "/home/saasbook/Documents/group/LEP/app/controllers/users_controller.rb": [
        1,
        null,
        1,
        1,
        null,
        1,
        null,
        14,
        0,
        0,
        null,
        null,
        null,
        1,
        29,
        1,
        1,
        1,
        0,
        null,
        null,
        null,
        null,
        1,
        12,
        null,
        null,
        1,
        null,
        null,
        0,
        0,
        0,
        0,
        0,
        null,
        null,
        1,
        0,
        null,
        null,
        1,
        2,
        2,
        null,
        null,
        1,
        0,
        null,
        null,
        1,
        0,
        0,
        0,
        0,
        null,
        0,
        null,
        null,
        null,
        1,
        4,
        null,
        null,
        1,
        14,
        14,
        13,
        null,
        13,
        11,
        null,
        2,
        2,
        2,
        2,
        null,
        null,
        1,
        1,
        1,
        null,
        null,
        null,
        null,
        1,
        null,
        null,
        1,
        0,
        null,
        null,
        null,
        null,
        null,
        null,
        null
      ],
      "/home/saasbook/Documents/group/LEP/app/controllers/application_controller.rb": [
        1,
        1,
        null
      ],
      "/home/saasbook/Documents/group/LEP/app/helpers/application_helper.rb": [
        1,
        null
      ],
      "/home/saasbook/Documents/group/LEP/app/helpers/admins_helper.rb": [
        1,
        null
      ],
      "/home/saasbook/Documents/group/LEP/app/helpers/groups_helper.rb": [
        1,
        null
      ],
      "/home/saasbook/Documents/group/LEP/app/helpers/welcome_helper.rb": [
        1,
        null
      ],
      "/home/saasbook/Documents/group/LEP/app/controllers/admins_controller.rb": [
        1,
        null,
        1,
        null,
        1,
        5,
        1,
        1,
        0,
        null,
        null,
        4,
        4,
        0,
        null,
        null,
        null,
        null,
        1,
        null,
        null,
        1,
        0,
        0,
        null,
        null,
        null,
        null,
        1,
        0,
        0,
        0,
        null,
        null,
        1,
        null,
        null,
        1,
        null,
        null,
        1,
        null,
        null,
        null
      ]
    },
    "timestamp": 1426555419
  }
}
