{
  "Cucumber Features": {
    "coverage": {
      "/Users/swoo/School/CS169/LEP/app/models/user.rb": [
        1,
        null,
        null,
        null,
        null,
        null
      ],
      "/Users/swoo/School/CS169/LEP/app/controllers/users_controller.rb": [
        1,
        null,
        1,
        1,
        null,
        1,
        null,
        6,
        0,
        0,
        null,
        null,
        null,
        1,
        13,
        1,
        1,
        1,
        0,
        null,
        null,
        null,
        null,
        1,
        4,
        null,
        null,
        1,
        null,
        null,
        0,
        0,
        0,
        0,
        0,
        null,
        null,
        1,
        0,
        null,
        null,
        1,
        2,
        2,
        null,
        null,
        1,
        0,
        null,
        null,
        1,
        0,
        0,
        0,
        0,
        null,
        0,
        null,
        null,
        null,
        1,
        4,
        null,
        null,
        1,
        6,
        6,
        5,
        null,
        5,
        3,
        null,
        2,
        2,
        2,
        2,
        null,
        null,
        1,
        1,
        1,
        null,
        null,
        null,
        null,
        1,
        null,
        null,
        1,
        0,
        null,
        null,
        null,
        null,
        null,
        null,
        null
      ],
      "/Users/swoo/School/CS169/LEP/app/controllers/application_controller.rb": [
        1,
        1,
        null
      ],
      "/Users/swoo/School/CS169/LEP/app/helpers/application_helper.rb": [
        1,
        null
      ],
      "/Users/swoo/School/CS169/LEP/app/helpers/admins_helper.rb": [
        1,
        null
      ],
      "/Users/swoo/School/CS169/LEP/app/helpers/groups_helper.rb": [
        1,
        null
      ],
      "/Users/swoo/School/CS169/LEP/app/helpers/welcome_helper.rb": [
        1,
        null
      ],
      "/Users/swoo/School/CS169/LEP/app/controllers/admins_controller.rb": [
        1,
        null,
        1,
        null,
        1,
        1,
        1,
        1,
        0,
        null,
        null,
        0,
        0,
        0,
        null,
        null,
        null,
        null,
        1,
        null,
        null,
        1,
        0,
        0,
        null,
        null,
        null,
        null,
        1,
        0,
        0,
        0,
        null,
        null,
        1,
        null,
        null,
        1,
        null,
        null,
        1,
        null,
        null,
        null
      ]
    },
    "timestamp": 1426285521
  },
  "RSpec": {
    "coverage": {
      "/Users/swoo/School/CS169/LEP/app/helpers/admins_helper.rb": [
        1,
        null
      ],
      "/Users/swoo/School/CS169/LEP/app/helpers/application_helper.rb": [
        1,
        null
      ],
      "/Users/swoo/School/CS169/LEP/app/helpers/groups_helper.rb": [
        1,
        null
      ],
      "/Users/swoo/School/CS169/LEP/app/helpers/welcome_helper.rb": [
        1,
        null
      ],
      "/Users/swoo/School/CS169/LEP/app/controllers/admins_controller.rb": [
        1,
        null,
        1,
        null,
        1,
        3,
        1,
        1,
        0,
        null,
        null,
        2,
        2,
        1,
        null,
        null,
        null,
        null,
        1,
        null,
        null,
        1,
        0,
        0,
        null,
        null,
        null,
        null,
        1,
        1,
        1,
        1,
        null,
        null,
        1,
        null,
        null,
        1,
        null,
        null,
        1,
        null,
        null,
        null
      ],
      "/Users/swoo/School/CS169/LEP/app/controllers/application_controller.rb": [
        1,
        1,
        null
      ],
      "/Users/swoo/School/CS169/LEP/app/controllers/groups_controller.rb": [
        1,
        null,
        1,
        null,
        null,
        1,
        null,
        null,
        null,
        1,
        1,
        1,
        null,
        null,
        1,
        null,
        null,
        1,
        null,
        null,
        null
      ],
      "/Users/swoo/School/CS169/LEP/app/controllers/users_controller.rb": [
        1,
        null,
        1,
        1,
        null,
        1,
        null,
        7,
        1,
        1,
        null,
        null,
        null,
        1,
        9,
        3,
        3,
        3,
        1,
        null,
        null,
        null,
        null,
        1,
        1,
        null,
        null,
        1,
        null,
        null,
        1,
        1,
        1,
        1,
        1,
        null,
        null,
        1,
        1,
        null,
        null,
        1,
        1,
        1,
        null,
        null,
        1,
        1,
        null,
        null,
        1,
        2,
        1,
        1,
        1,
        null,
        1,
        null,
        null,
        null,
        1,
        0,
        null,
        null,
        1,
        0,
        0,
        0,
        null,
        0,
        0,
        null,
        0,
        0,
        0,
        0,
        null,
        null,
        0,
        0,
        0,
        null,
        null,
        null,
        null,
        1,
        null,
        null,
        1,
        1,
        null,
        null,
        null,
        null,
        null,
        null,
        null
      ],
      "/Users/swoo/School/CS169/LEP/app/controllers/welcome_controller.rb": [
        1,
        1,
        1,
        null,
        null
      ],
      "/Users/swoo/School/CS169/LEP/app/models/user.rb": [
        1,
        null,
        null,
        null,
        null,
        null
      ],
      "/Users/swoo/School/CS169/LEP/app/models/group.rb": [
        1,
        1,
        null,
        null
      ]
    },
    "timestamp": 1426285534
  }
}
